<?xml version="1.0" encoding="UTF-8"?>
<!-- Generated by org.testng.reporters.JUnitReportReporter -->
<testsuite hostname="LAPTOP-8JNORMGV" name="com.HRM_Test.HRM_LogInLogout" tests="2" failures="0" timestamp="23 Jan 2021 16:40:55 GMT" time="26.648" errors="0">
  <testcase name="TC_001" time="16.239" classname="com.HRM_Test.HRM_LogInLogout"/>
  <testcase name="TC_002" time="10.409" classname="com.HRM_Test.HRM_LogInLogout"/>
</testsuite> <!-- com.HRM_Test.HRM_LogInLogout -->
