<?xml version="1.0" encoding="UTF-8"?>
<!-- Generated by org.testng.reporters.JUnitReportReporter -->
<testsuite hostname="LAPTOP-8JNORMGV" name="com.HRM_Test.HRMContactDetailsTest" tests="1" failures="0" timestamp="17 Feb 2021 18:34:10 GMT" time="57.536" errors="0">
  <testcase name="contactDetailsTest" time="57.536" classname="com.HRM_Test.HRMContactDetailsTest"/>
</testsuite> <!-- com.HRM_Test.HRMContactDetailsTest -->
