<?xml version="1.0" encoding="UTF-8"?>
<!-- Generated by org.testng.reporters.JUnitReportReporter -->
<testsuite hostname="LAPTOP-8JNORMGV" name="com.HRM_Test.HRM_TestOutput" tests="2" failures="0" timestamp="23 Jan 2021 16:38:04 GMT" time="26.284" errors="0">
  <testcase name="TC_001" time="16.498" classname="com.HRM_Test.HRM_TestOutput"/>
  <testcase name="TC_002" time="9.786" classname="com.HRM_Test.HRM_TestOutput"/>
</testsuite> <!-- com.HRM_Test.HRM_TestOutput -->
