<?xml version="1.0" encoding="UTF-8"?>
<!-- Generated by org.testng.reporters.JUnitReportReporter -->
<testsuite hostname="LAPTOP-8JNORMGV" name="com.HRM_Test.HRM_LeaveTest" tests="1" failures="0" timestamp="27 Feb 2021 14:38:56 GMT" time="9.452" errors="0">
  <testcase name="hrmLeave" time="9.452" classname="com.HRM_Test.HRM_LeaveTest"/>
</testsuite> <!-- com.HRM_Test.HRM_LeaveTest -->
