<?xml version="1.0" encoding="UTF-8"?>
<!-- Generated by org.testng.reporters.JUnitReportReporter -->
<testsuite hostname="LAPTOP-8JNORMGV" name="com.HRM_Test.AddCustomerTest" tests="1" failures="0" timestamp="17 Feb 2021 19:01:13 GMT" time="42.746" errors="0">
  <testcase name="addCutomerTest" time="42.746" classname="com.HRM_Test.AddCustomerTest"/>
</testsuite> <!-- com.HRM_Test.AddCustomerTest -->
